<?xml version="1.0" encoding="UTF-8"?>
<testsuite xmlns:xsi="http://www.w3.org/2001/XMLSchema-instance" xsi:noNamespaceSchemaLocation="https://maven.apache.org/surefire/maven-surefire-plugin/xsd/surefire-test-report.xsd" version="3.0.2" name="com.example.ocihandson.OcihandsonApplicationTests" time="3.803" tests="1" errors="0" skipped="0" failures="0">
  <properties>
[...]
</properties>
  <testcase name="contextLoads" classname="com.example.ocihandson.OcihandsonApplicationTests" time="0.759">
    <system-out><![CDATA[16:41:40.360 [main] INFO org.springframework.test.context.support.AnnotationConfigContextLoaderUtils -- Could not detect default configuration classes for test class [com.example.ocihandson.OcihandsonApplicationTests]: OcihandsonApplicationTests does not declare any static, non-private, non-final, nested classes annotated with @Configuration.
16:41:40.476 [main] INFO org.springframework.boot.test.context.SpringBootTestContextBootstrapper -- Found @SpringBootConfiguration com.example.ocihandson.OcihandsonApplication for test class com.example.ocihandson.OcihandsonApplicationTests

  .   ____          _            __ _ _
 /\\ / ___'_ __ _ _(_)_ __  __ _ \ \ \ \
( ( )\___ | '_ | '_| | '_ \/ _` | \ \ \ \
 \\/  ___)| |_)| | | | | || (_| |  ) ) ) )
  '  |____| .__|_| |_|_| |_\__, | / / / /
 =========|_|==============|___/=/_/_/_/

 :: Spring Boot ::                (v3.4.0)

2024-12-04T16:41:41.010Z  INFO 4817 --- [ocihandson] [           main] c.e.o.OcihandsonApplicationTests         : Starting OcihandsonApplicationTests using Java 17.0.13 with PID 4817 (started by seongil_je in /home/seongil_je/ocihandson)
2024-12-04T16:41:41.012Z  INFO 4817 --- [ocihandson] [           main] c.e.o.OcihandsonApplicationTests         : No active profile set, falling back to 1 default profile: "default"
2024-12-04T16:41:43.030Z  INFO 4817 --- [ocihandson] [           main] o.s.b.a.e.web.EndpointLinksResolver      : Exposing 1 endpoint beneath base path '/actuator'
2024-12-04T16:41:43.141Z  INFO 4817 --- [ocihandson] [           main] c.e.o.OcihandsonApplicationTests         : Started OcihandsonApplicationTests in 2.542 seconds (process running for 3.618)
]]></system-out>
  </testcase>
</testsuite>